
2018-07-27 02:24:31...installerHook: Info: custom/install/install_hooks.php not present, no custom hooks to execute
2018-07-27 02:24:36...Begin System Check Process *************
2018-07-27 02:24:36...XML Parsing Support Found
2018-07-27 02:24:36...MBString Support Found
2018-07-27 02:24:36...ZIP Support Found
2018-07-27 02:24:36...ERROR:: The Custom Directory exists but is not writeable. You may have to change permissions on it (chmod 766) or right click on it and uncheck the read only option, depending on your Operating System. Please take the needed steps to make the file writeable.
2018-07-27 02:24:36...cache directory and subdirectory check passed
2018-07-27 02:24:36...ERROR:: Module directories and the files under them are not writeable.
2018-07-27 02:24:36...ERROR: Upload directory is not writable.
2018-07-27 02:24:36.../zip check passed
2018-07-27 02:24:36...PCRE version check passed
2018-07-27 02:24:36...installerHook: Info: custom/install/install_hooks.php not present, no custom hooks to execute
2018-07-27 02:24:36...php.ini location found. 
2018-07-27 02:24:36...Outputting HTML for System check
2018-07-27 02:24:36...Errors were found *************
2018-07-27 02:25:29...Begin System Check Process *************
2018-07-27 02:25:29...XML Parsing Support Found
2018-07-27 02:25:29...MBString Support Found
2018-07-27 02:25:29...ZIP Support Found
2018-07-27 02:25:29...ERROR:: The Custom Directory exists but is not writeable. You may have to change permissions on it (chmod 766) or right click on it and uncheck the read only option, depending on your Operating System. Please take the needed steps to make the file writeable.
2018-07-27 02:25:29...cache directory and subdirectory check passed
2018-07-27 02:25:29...ERROR:: Module directories and the files under them are not writeable.
2018-07-27 02:25:29...ERROR: Upload directory is not writable.
2018-07-27 02:25:29.../zip check passed
2018-07-27 02:25:29...PCRE version check passed
2018-07-27 02:25:29...installerHook: Info: custom/install/install_hooks.php not present, no custom hooks to execute
2018-07-27 02:25:29...php.ini location found. 
2018-07-27 02:25:29...Outputting HTML for System check
2018-07-27 02:25:29...Errors were found *************
2018-07-27 02:25:30...Begin System Check Process *************
2018-07-27 02:25:30...XML Parsing Support Found
2018-07-27 02:25:30...MBString Support Found
2018-07-27 02:25:30...ZIP Support Found
2018-07-27 02:25:30...ERROR:: The Custom Directory exists but is not writeable. You may have to change permissions on it (chmod 766) or right click on it and uncheck the read only option, depending on your Operating System. Please take the needed steps to make the file writeable.
2018-07-27 02:25:30...cache directory and subdirectory check passed
2018-07-27 02:25:30...ERROR:: Module directories and the files under them are not writeable.
2018-07-27 02:25:30...ERROR: Upload directory is not writable.
2018-07-27 02:25:30.../zip check passed
2018-07-27 02:25:30...PCRE version check passed
2018-07-27 02:25:30...installerHook: Info: custom/install/install_hooks.php not present, no custom hooks to execute
2018-07-27 02:25:30...php.ini location found. 
2018-07-27 02:25:30...Outputting HTML for System check
2018-07-27 02:25:30...Errors were found *************
2018-07-27 02:25:31...Begin System Check Process *************
2018-07-27 02:25:31...XML Parsing Support Found
2018-07-27 02:25:31...MBString Support Found
2018-07-27 02:25:31...ZIP Support Found
2018-07-27 02:25:31...ERROR:: The Custom Directory exists but is not writeable. You may have to change permissions on it (chmod 766) or right click on it and uncheck the read only option, depending on your Operating System. Please take the needed steps to make the file writeable.
2018-07-27 02:25:31...cache directory and subdirectory check passed
2018-07-27 02:25:31...ERROR:: Module directories and the files under them are not writeable.
2018-07-27 02:25:31...ERROR: Upload directory is not writable.
2018-07-27 02:25:31.../zip check passed
2018-07-27 02:25:31...PCRE version check passed
2018-07-27 02:25:31...installerHook: Info: custom/install/install_hooks.php not present, no custom hooks to execute
2018-07-27 02:25:31...php.ini location found. 
2018-07-27 02:25:31...Outputting HTML for System check
2018-07-27 02:25:31...Errors were found *************
2018-07-27 02:25:32...Begin System Check Process *************
2018-07-27 02:25:32...XML Parsing Support Found
2018-07-27 02:25:32...MBString Support Found
2018-07-27 02:25:32...ZIP Support Found
2018-07-27 02:25:32...ERROR:: The Custom Directory exists but is not writeable. You may have to change permissions on it (chmod 766) or right click on it and uncheck the read only option, depending on your Operating System. Please take the needed steps to make the file writeable.
2018-07-27 02:25:32...cache directory and subdirectory check passed
2018-07-27 02:25:32...ERROR:: Module directories and the files under them are not writeable.
2018-07-27 02:25:32...ERROR: Upload directory is not writable.
2018-07-27 02:25:32.../zip check passed
2018-07-27 02:25:32...PCRE version check passed
2018-07-27 02:25:32...installerHook: Info: custom/install/install_hooks.php not present, no custom hooks to execute
2018-07-27 02:25:32...php.ini location found. 
2018-07-27 02:25:32...Outputting HTML for System check
2018-07-27 02:25:32...Errors were found *************
2018-07-27 02:25:37...installerHook: Info: custom/install/install_hooks.php not present, no custom hooks to execute
2018-07-27 02:25:40...Begin System Check Process *************
2018-07-27 02:25:40...XML Parsing Support Found
2018-07-27 02:25:40...MBString Support Found
2018-07-27 02:25:40...ZIP Support Found
2018-07-27 02:25:40...ERROR:: The Custom Directory exists but is not writeable. You may have to change permissions on it (chmod 766) or right click on it and uncheck the read only option, depending on your Operating System. Please take the needed steps to make the file writeable.
2018-07-27 02:25:40...cache directory and subdirectory check passed
2018-07-27 02:25:40...ERROR:: Module directories and the files under them are not writeable.
2018-07-27 02:25:40...ERROR: Upload directory is not writable.
2018-07-27 02:25:40.../zip check passed
2018-07-27 02:25:40...PCRE version check passed
2018-07-27 02:25:40...installerHook: Info: custom/install/install_hooks.php not present, no custom hooks to execute
2018-07-27 02:25:40...php.ini location found. 
2018-07-27 02:25:40...Outputting HTML for System check
2018-07-27 02:25:40...Errors were found *************
2018-07-27 02:28:16...Begin System Check Process *************
2018-07-27 02:28:16...XML Parsing Support Found
2018-07-27 02:28:16...MBString Support Found
2018-07-27 02:28:16...ZIP Support Found
2018-07-27 02:28:16.../custom directory and subdirectory check passed
2018-07-27 02:28:16...cache directory and subdirectory check passed
2018-07-27 02:28:16...ERROR:: Module directories and the files under them are not writeable.
2018-07-27 02:28:16...ERROR: Upload directory is not writable.
2018-07-27 02:28:16.../zip check passed
2018-07-27 02:28:16...PCRE version check passed
2018-07-27 02:28:16...installerHook: Info: custom/install/install_hooks.php not present, no custom hooks to execute
2018-07-27 02:28:16...php.ini location found. 
2018-07-27 02:28:16...Outputting HTML for System check
2018-07-27 02:28:16...Errors were found *************
2018-07-27 02:28:17...Begin System Check Process *************
2018-07-27 02:28:17...XML Parsing Support Found
2018-07-27 02:28:17...MBString Support Found
2018-07-27 02:28:17...ZIP Support Found
2018-07-27 02:28:17.../custom directory and subdirectory check passed
2018-07-27 02:28:17...cache directory and subdirectory check passed
2018-07-27 02:28:17...ERROR:: Module directories and the files under them are not writeable.
2018-07-27 02:28:17...ERROR: Upload directory is not writable.
2018-07-27 02:28:17.../zip check passed
2018-07-27 02:28:17...PCRE version check passed
2018-07-27 02:28:17...installerHook: Info: custom/install/install_hooks.php not present, no custom hooks to execute
2018-07-27 02:28:17...php.ini location found. 
2018-07-27 02:28:17...Outputting HTML for System check
2018-07-27 02:28:17...Errors were found *************
2018-07-27 02:29:02...Begin System Check Process *************
2018-07-27 02:29:02...XML Parsing Support Found
2018-07-27 02:29:02...MBString Support Found
2018-07-27 02:29:02...ZIP Support Found
2018-07-27 02:29:02.../custom directory and subdirectory check passed
2018-07-27 02:29:02...cache directory and subdirectory check passed
2018-07-27 02:29:02.../module  directory and subdirectory check passed
2018-07-27 02:29:02...ERROR: Upload directory is not writable.
2018-07-27 02:29:02.../zip check passed
2018-07-27 02:29:02...PCRE version check passed
2018-07-27 02:29:02...installerHook: Info: custom/install/install_hooks.php not present, no custom hooks to execute
2018-07-27 02:29:02...php.ini location found. 
2018-07-27 02:29:02...Outputting HTML for System check
2018-07-27 02:29:02...Errors were found *************
2018-07-27 02:29:04...Begin System Check Process *************
2018-07-27 02:29:04...XML Parsing Support Found
2018-07-27 02:29:04...MBString Support Found
2018-07-27 02:29:04...ZIP Support Found
2018-07-27 02:29:04.../custom directory and subdirectory check passed
2018-07-27 02:29:04...cache directory and subdirectory check passed
2018-07-27 02:29:05.../module  directory and subdirectory check passed
2018-07-27 02:29:05...ERROR: Upload directory is not writable.
2018-07-27 02:29:05.../zip check passed
2018-07-27 02:29:05...PCRE version check passed
2018-07-27 02:29:05...installerHook: Info: custom/install/install_hooks.php not present, no custom hooks to execute
2018-07-27 02:29:05...php.ini location found. 
2018-07-27 02:29:05...Outputting HTML for System check
2018-07-27 02:29:05...Errors were found *************
2018-07-27 02:29:07...Begin System Check Process *************
2018-07-27 02:29:07...XML Parsing Support Found
2018-07-27 02:29:07...MBString Support Found
2018-07-27 02:29:07...ZIP Support Found
2018-07-27 02:29:07.../custom directory and subdirectory check passed
2018-07-27 02:29:07...cache directory and subdirectory check passed
2018-07-27 02:29:07.../module  directory and subdirectory check passed
2018-07-27 02:29:07...ERROR: Upload directory is not writable.
2018-07-27 02:29:07.../zip check passed
2018-07-27 02:29:07...PCRE version check passed
2018-07-27 02:29:07...installerHook: Info: custom/install/install_hooks.php not present, no custom hooks to execute
2018-07-27 02:29:07...php.ini location found. 
2018-07-27 02:29:07...Outputting HTML for System check
2018-07-27 02:29:07...Errors were found *************
2018-07-27 02:29:13...installerHook: Info: custom/install/install_hooks.php not present, no custom hooks to execute
2018-07-27 02:29:15...Begin System Check Process *************
2018-07-27 02:29:15...XML Parsing Support Found
2018-07-27 02:29:15...MBString Support Found
2018-07-27 02:29:15...ZIP Support Found
2018-07-27 02:29:15.../custom directory and subdirectory check passed
2018-07-27 02:29:15...cache directory and subdirectory check passed
2018-07-27 02:29:15.../module  directory and subdirectory check passed
2018-07-27 02:29:15...ERROR: Upload directory is not writable.
2018-07-27 02:29:15.../zip check passed
2018-07-27 02:29:15...PCRE version check passed
2018-07-27 02:29:15...installerHook: Info: custom/install/install_hooks.php not present, no custom hooks to execute
2018-07-27 02:29:15...php.ini location found. 
2018-07-27 02:29:15...Outputting HTML for System check
2018-07-27 02:29:15...Errors were found *************
2018-07-27 02:29:30...Begin System Check Process *************
2018-07-27 02:29:30...XML Parsing Support Found
2018-07-27 02:29:30...MBString Support Found
2018-07-27 02:29:30...ZIP Support Found
2018-07-27 02:29:30.../custom directory and subdirectory check passed
2018-07-27 02:29:30...cache directory and subdirectory check passed
2018-07-27 02:29:30.../module  directory and subdirectory check passed
2018-07-27 02:29:30.../upload directory check passed
2018-07-27 02:29:30.../zip check passed
2018-07-27 02:29:30...PCRE version check passed
2018-07-27 02:29:30...installerHook: Info: custom/install/install_hooks.php not present, no custom hooks to execute
2018-07-27 02:29:30...php.ini location found. 
2018-07-27 02:29:30...Outputting HTML for System check
2018-07-27 02:29:30...No Errors were found *************
2018-07-27 02:29:31...installerHook: Info: custom/install/install_hooks.php not present, no custom hooks to execute
2018-07-27 02:30:01...installerHook: Info: custom/install/install_hooks.php not present, no custom hooks to execute
2018-07-27 02:30:07...Begin DB Check Process *************
2018-07-27 02:30:07...testing with mysql:mysqli
2018-07-27 02:30:07...Basic form info is valid, continuing Process.
2018-07-27 02:30:07...Testing user account...
2018-07-27 02:30:07...ERROR::  The provided database host, username, and/or password is invalid, and a connection to the database could not be established. Please enter a valid host, username and password
2018-07-27 02:30:07...FATAL:: errors have been detected!  User will not be allowed to continue.  Errors are as follow:
2018-07-27 02:30:07..... The provided database host, username, and/or password is invalid, and a connection to the database could not be established. Please enter a valid host, username and password
2018-07-27 02:30:07...End DB Check Process *************
2018-07-27 02:30:29...Begin DB Check Process *************
2018-07-27 02:30:29...testing with mysql:mysqli
2018-07-27 02:30:29...ERROR::  Database name cannot contain a '\', '/', or '.'
2018-07-27 02:30:29...Basic form info is INVALID, exit Process.
2018-07-27 02:30:29...FATAL:: errors have been detected!  User will not be allowed to continue.  Errors are as follow:
2018-07-27 02:30:29..... Database name cannot contain a '\', '/', or '.'
2018-07-27 02:30:43...Begin DB Check Process *************
2018-07-27 02:30:43...testing with mysql:mysqli
2018-07-27 02:30:43...Basic form info is valid, continuing Process.
2018-07-27 02:30:43...Testing user account...
2018-07-27 02:30:43...ERROR::  The provided database host, username, and/or password is invalid, and a connection to the database could not be established. Please enter a valid host, username and password
2018-07-27 02:30:43...FATAL:: errors have been detected!  User will not be allowed to continue.  Errors are as follow:
2018-07-27 02:30:43..... The provided database host, username, and/or password is invalid, and a connection to the database could not be established. Please enter a valid host, username and password
2018-07-27 02:30:43...End DB Check Process *************
2018-07-27 02:30:52...Begin DB Check Process *************
2018-07-27 02:30:52...testing with mysql:mysqli
2018-07-27 02:30:52...Basic form info is valid, continuing Process.
2018-07-27 02:30:52...Testing user account...
2018-07-27 02:30:52...Connection made using  host: 127.0.0.1, usr: root
2018-07-27 02:30:52...SUCCESS:: no errors detected!
2018-07-27 02:30:52...End DB Check Process *************
2018-07-27 02:30:52...installerHook: Info: custom/install/install_hooks.php not present, no custom hooks to execute
2018-07-27 02:30:52...calling handleSugarConfig()
2018-07-27 02:30:52...calling handleHtaccess()
2018-07-27 02:30:52...calling handleDbCreateDatabase()
2018-07-27 02:30:53...looping through all the Beans and create their tables
2018-07-27 02:30:53...processing table acl_actions
2018-07-27 02:30:53...creating table acl_actions
2018-07-27 02:30:53...creating Relationship Meta for ACLAction
2018-07-27 02:30:53...processing table acl_roles
2018-07-27 02:30:53...creating table acl_roles
2018-07-27 02:30:53...creating Relationship Meta for ACLRole
2018-07-27 02:30:53...processing table relationships
2018-07-27 02:30:53...creating table relationships
2018-07-27 02:30:53...creating Relationship Meta for Relationship
2018-07-27 02:30:53...processing table leads
2018-07-27 02:30:53...creating table leads
2018-07-27 02:30:53...creating Relationship Meta for Lead
2018-07-27 02:30:53...processing table cases
2018-07-27 02:30:53...creating table cases
2018-07-27 02:30:53...creating Relationship Meta for Case
2018-07-27 02:30:53...processing table bugs
2018-07-27 02:30:54...creating table bugs
2018-07-27 02:30:54...creating Relationship Meta for Bug
2018-07-27 02:30:54...processing table users
2018-07-27 02:30:54...creating table users
2018-07-27 02:30:54...creating Relationship Meta for User
2018-07-27 02:30:54...processing table campaign_log
2018-07-27 02:30:54...creating table campaign_log
2018-07-27 02:30:54...creating Relationship Meta for CampaignLog
2018-07-27 02:30:54...processing table project
2018-07-27 02:30:54...creating table project
2018-07-27 02:30:54...creating Relationship Meta for Project
2018-07-27 02:30:54...processing table project_task
2018-07-27 02:30:54...creating table project_task
2018-07-27 02:30:54...creating Relationship Meta for ProjectTask
2018-07-27 02:30:54...processing table campaigns
2018-07-27 02:30:54...creating table campaigns
2018-07-27 02:30:54...creating Relationship Meta for Campaign
2018-07-27 02:30:54...processing table prospect_lists
2018-07-27 02:30:54...creating table prospect_lists
2018-07-27 02:30:54...creating Relationship Meta for ProspectList
2018-07-27 02:30:54...processing table prospects
2018-07-27 02:30:54...creating table prospects
2018-07-27 02:30:54...creating Relationship Meta for Prospect
2018-07-27 02:30:54...processing table email_marketing
2018-07-27 02:30:54...creating table email_marketing
2018-07-27 02:30:54...creating Relationship Meta for EmailMarketing
2018-07-27 02:30:54...processing table campaign_trkrs
2018-07-27 02:30:54...creating table campaign_trkrs
2018-07-27 02:30:54...creating Relationship Meta for CampaignTracker
2018-07-27 02:30:54...processing table releases
2018-07-27 02:30:54...creating table releases
2018-07-27 02:30:54...creating Relationship Meta for Release
2018-07-27 02:30:54...processing table emailman
2018-07-27 02:30:54...creating table emailman
2018-07-27 02:30:54...creating Relationship Meta for EmailMan
2018-07-27 02:30:54...processing table schedulers
2018-07-27 02:30:54...creating table schedulers
2018-07-27 02:30:54...creating Relationship Meta for Scheduler
2018-07-27 02:30:54...processing table job_queue
2018-07-27 02:30:54...creating table job_queue
2018-07-27 02:30:54...creating Relationship Meta for SchedulersJob
2018-07-27 02:30:54...processing table contacts
2018-07-27 02:30:54...creating table contacts
2018-07-27 02:30:54...creating Relationship Meta for Contact
2018-07-27 02:30:54...processing table accounts
2018-07-27 02:30:55...creating table accounts
2018-07-27 02:30:55...creating Relationship Meta for Account
2018-07-27 02:30:55...processing table opportunities
2018-07-27 02:30:55...creating table opportunities
2018-07-27 02:30:55...creating Relationship Meta for Opportunity
2018-07-27 02:30:55...processing table email_templates
2018-07-27 02:30:55...creating table email_templates
2018-07-27 02:30:55...creating Relationship Meta for EmailTemplate
2018-07-27 02:30:55...processing table notes
2018-07-27 02:30:55...creating table notes
2018-07-27 02:30:55...creating Relationship Meta for Note
2018-07-27 02:30:55...processing table calls
2018-07-27 02:30:55...creating table calls
2018-07-27 02:30:55...creating Relationship Meta for Call
2018-07-27 02:30:55...processing table emails
2018-07-27 02:30:55...creating table emails
2018-07-27 02:30:55...creating Relationship Meta for Email
2018-07-27 02:30:55...processing table meetings
2018-07-27 02:30:55...creating table meetings
2018-07-27 02:30:55...creating Relationship Meta for Meeting
2018-07-27 02:30:55...processing table tasks
2018-07-27 02:30:55...creating table tasks
2018-07-27 02:30:55...creating Relationship Meta for Task
2018-07-27 02:30:55...processing table users
2018-07-27 02:30:55...processing table users
2018-07-27 02:30:55...processing table currencies
2018-07-27 02:30:55...creating table currencies
2018-07-27 02:30:55...creating Relationship Meta for Currency
2018-07-27 02:30:55...processing table tracker
2018-07-27 02:30:55...creating table tracker
2018-07-27 02:30:55...creating Relationship Meta for Tracker
2018-07-27 02:30:55...processing table import_maps
2018-07-27 02:30:55...creating table import_maps
2018-07-27 02:30:55...creating Relationship Meta for ImportMap
2018-07-27 02:30:55...processing table users_last_import
2018-07-27 02:30:55...creating table users_last_import
2018-07-27 02:30:55...creating Relationship Meta for UsersLastImport
2018-07-27 02:30:55...processing table config
2018-07-27 02:30:55...creating table config
2018-07-27 02:30:55...creating Relationship Meta for Administration
2018-07-27 02:30:55...processing table upgrade_history
2018-07-27 02:30:55...creating table upgrade_history
2018-07-27 02:30:55...creating Relationship Meta for UpgradeHistory
2018-07-27 02:30:55...processing table vcals
2018-07-27 02:30:55...creating table vcals
2018-07-27 02:30:55...creating Relationship Meta for vCal
2018-07-27 02:30:55...processing table alerts
2018-07-27 02:30:55...creating table alerts
2018-07-27 02:30:55...creating Relationship Meta for Alert
2018-07-27 02:30:55...processing table roles
2018-07-27 02:30:55...creating table roles
2018-07-27 02:30:55...creating Relationship Meta for Role
2018-07-27 02:30:55...processing table documents
2018-07-27 02:30:56...creating table documents
2018-07-27 02:30:56...creating Relationship Meta for Document
2018-07-27 02:30:56...processing table document_revisions
2018-07-27 02:30:56...creating table document_revisions
2018-07-27 02:30:56...creating Relationship Meta for DocumentRevision
2018-07-27 02:30:56...processing table fields_meta_data
2018-07-27 02:30:56...creating table fields_meta_data
2018-07-27 02:30:56...creating Relationship Meta for FieldsMetaData
2018-07-27 02:30:56...processing table inbound_email
2018-07-27 02:30:56...creating table inbound_email
2018-07-27 02:30:56...creating Relationship Meta for InboundEmail
2018-07-27 02:30:56...processing table saved_search
2018-07-27 02:30:56...creating table saved_search
2018-07-27 02:30:56...creating Relationship Meta for SavedSearch
2018-07-27 02:30:56...processing table user_preferences
2018-07-27 02:30:56...creating table user_preferences
2018-07-27 02:30:56...creating Relationship Meta for UserPreference
2018-07-27 02:30:56...processing table 
2018-07-27 02:30:56...processing table email_addresses
2018-07-27 02:30:56...creating table email_addresses
2018-07-27 02:30:56...creating Relationship Meta for EmailAddress
2018-07-27 02:30:56...processing table emails_text
2018-07-27 02:30:56...creating table emails_text
2018-07-27 02:30:56...creating Relationship Meta for EmailText
2018-07-27 02:30:56...processing table spots
2018-07-27 02:30:56...creating table spots
2018-07-27 02:30:56...creating Relationship Meta for Spots
2018-07-27 02:30:56...processing table aobh_businesshours
2018-07-27 02:30:56...creating table aobh_businesshours
2018-07-27 02:30:56...creating Relationship Meta for AOBH_BusinessHours
2018-07-27 02:30:56...processing table sugarfeed
2018-07-27 02:30:56...creating table sugarfeed
2018-07-27 02:30:56...creating Relationship Meta for SugarFeed
2018-07-27 02:30:56...processing table eapm
2018-07-27 02:30:56...creating table eapm
2018-07-27 02:30:56...creating Relationship Meta for EAPM
2018-07-27 02:30:56...processing table oauth_consumer
2018-07-27 02:30:56...creating table oauth_consumer
2018-07-27 02:30:56...creating Relationship Meta for OAuthKey
2018-07-27 02:30:56...processing table oauth_tokens
2018-07-27 02:30:56...creating table oauth_tokens
2018-07-27 02:30:56...creating Relationship Meta for OAuthToken
2018-07-27 02:30:56...processing table am_projecttemplates
2018-07-27 02:30:56...creating table am_projecttemplates
2018-07-27 02:30:56...creating Relationship Meta for AM_ProjectTemplates
2018-07-27 02:30:56...processing table am_tasktemplates
2018-07-27 02:30:56...creating table am_tasktemplates
2018-07-27 02:30:56...creating Relationship Meta for AM_TaskTemplates
2018-07-27 02:30:56...processing table favorites
2018-07-27 02:30:56...creating table favorites
2018-07-27 02:30:56...creating Relationship Meta for Favorites
2018-07-27 02:30:56...processing table aok_knowledge_base_categories
2018-07-27 02:30:56...creating table aok_knowledge_base_categories
2018-07-27 02:30:56...creating Relationship Meta for AOK_Knowledge_Base_Categories
2018-07-27 02:30:56...processing table aok_knowledgebase
2018-07-27 02:30:56...creating table aok_knowledgebase
2018-07-27 02:30:56...creating Relationship Meta for AOK_KnowledgeBase
2018-07-27 02:30:56...processing table reminders
2018-07-27 02:30:56...creating table reminders
2018-07-27 02:30:56...creating Relationship Meta for Reminder
2018-07-27 02:30:56...processing table reminders_invitees
2018-07-27 02:30:56...creating table reminders_invitees
2018-07-27 02:30:56...creating Relationship Meta for Reminder_Invitee
2018-07-27 02:30:56...processing table fp_events
2018-07-27 02:30:57...creating table fp_events
2018-07-27 02:30:57...creating Relationship Meta for FP_events
2018-07-27 02:30:57...processing table fp_event_locations
2018-07-27 02:30:57...creating table fp_event_locations
2018-07-27 02:30:57...creating Relationship Meta for FP_Event_Locations
2018-07-27 02:30:57...processing table aod_indexevent
2018-07-27 02:30:57...creating table aod_indexevent
2018-07-27 02:30:57...creating Relationship Meta for AOD_IndexEvent
2018-07-27 02:30:57...processing table aod_index
2018-07-27 02:30:57...creating table aod_index
2018-07-27 02:30:57...creating Relationship Meta for AOD_Index
2018-07-27 02:30:57...processing table aop_case_events
2018-07-27 02:30:57...creating table aop_case_events
2018-07-27 02:30:57...creating Relationship Meta for AOP_Case_Events
2018-07-27 02:30:57...processing table aop_case_updates
2018-07-27 02:30:57...creating table aop_case_updates
2018-07-27 02:30:57...creating Relationship Meta for AOP_Case_Updates
2018-07-27 02:30:57...processing table aor_reports
2018-07-27 02:30:57...creating table aor_reports
2018-07-27 02:30:57...creating Relationship Meta for AOR_Report
2018-07-27 02:30:57...processing table aor_fields
2018-07-27 02:30:57...creating table aor_fields
2018-07-27 02:30:57...creating Relationship Meta for AOR_Field
2018-07-27 02:30:57...processing table aor_charts
2018-07-27 02:30:57...creating table aor_charts
2018-07-27 02:30:57...creating Relationship Meta for AOR_Chart
2018-07-27 02:30:57...processing table aor_conditions
2018-07-27 02:30:57...creating table aor_conditions
2018-07-27 02:30:57...creating Relationship Meta for AOR_Condition
2018-07-27 02:30:57...processing table aor_scheduled_reports
2018-07-27 02:30:57...creating table aor_scheduled_reports
2018-07-27 02:30:57...creating Relationship Meta for AOR_Scheduled_Reports
2018-07-27 02:30:57...processing table aos_contracts
2018-07-27 02:30:57...creating table aos_contracts
2018-07-27 02:30:57...creating Relationship Meta for AOS_Contracts
2018-07-27 02:30:58...processing table aos_invoices
2018-07-27 02:30:58...creating table aos_invoices
2018-07-27 02:30:58...creating Relationship Meta for AOS_Invoices
2018-07-27 02:30:58...processing table aos_pdf_templates
2018-07-27 02:30:58...creating table aos_pdf_templates
2018-07-27 02:30:58...creating Relationship Meta for AOS_PDF_Templates
2018-07-27 02:30:58...processing table aos_product_categories
2018-07-27 02:30:58...creating table aos_product_categories
2018-07-27 02:30:58...creating Relationship Meta for AOS_Product_Categories
2018-07-27 02:30:58...processing table aos_products
2018-07-27 02:30:58...creating table aos_products
2018-07-27 02:30:58...creating Relationship Meta for AOS_Products
2018-07-27 02:30:58...processing table aos_products_quotes
2018-07-27 02:30:58...creating table aos_products_quotes
2018-07-27 02:30:58...creating Relationship Meta for AOS_Products_Quotes
2018-07-27 02:30:58...processing table aos_line_item_groups
2018-07-27 02:30:58...creating table aos_line_item_groups
2018-07-27 02:30:58...creating Relationship Meta for AOS_Line_Item_Groups
2018-07-27 02:30:58...processing table aos_quotes
2018-07-27 02:30:58...creating table aos_quotes
2018-07-27 02:30:58...creating Relationship Meta for AOS_Quotes
2018-07-27 02:30:58...processing table aow_actions
2018-07-27 02:30:58...creating table aow_actions
2018-07-27 02:30:58...creating Relationship Meta for AOW_Action
2018-07-27 02:30:58...processing table aow_workflow
2018-07-27 02:30:58...creating table aow_workflow
2018-07-27 02:30:58...creating Relationship Meta for AOW_WorkFlow
2018-07-27 02:30:58...processing table aow_processed
2018-07-27 02:30:58...creating table aow_processed
2018-07-27 02:30:58...creating Relationship Meta for AOW_Processed
2018-07-27 02:30:58...processing table aow_conditions
2018-07-27 02:30:58...creating table aow_conditions
2018-07-27 02:30:58...creating Relationship Meta for AOW_Condition
2018-07-27 02:30:58...processing table jjwg_maps
2018-07-27 02:30:58...creating table jjwg_maps
2018-07-27 02:30:58...creating Relationship Meta for jjwg_Maps
2018-07-27 02:30:58...processing table jjwg_markers
2018-07-27 02:30:59...creating table jjwg_markers
2018-07-27 02:30:59...creating Relationship Meta for jjwg_Markers
2018-07-27 02:30:59...processing table jjwg_areas
2018-07-27 02:30:59...creating table jjwg_areas
2018-07-27 02:30:59...creating Relationship Meta for jjwg_Areas
2018-07-27 02:30:59...processing table jjwg_address_cache
2018-07-27 02:30:59...creating table jjwg_address_cache
2018-07-27 02:30:59...creating Relationship Meta for jjwg_Address_Cache
2018-07-27 02:30:59...processing table calls_reschedule
2018-07-27 02:30:59...creating table calls_reschedule
2018-07-27 02:30:59...creating Relationship Meta for Calls_Reschedule
2018-07-27 02:30:59...processing table securitygroups
2018-07-27 02:30:59...creating table securitygroups
2018-07-27 02:30:59...creating Relationship Meta for SecurityGroup
2018-07-27 02:30:59...processing table outbound_email
2018-07-27 02:30:59...creating table outbound_email
2018-07-27 02:30:59...creating Relationship Meta for OutboundEmailAccounts
2018-07-27 02:30:59...processing table templatesectionline
2018-07-27 02:30:59...creating table templatesectionline
2018-07-27 02:30:59...creating Relationship Meta for TemplateSectionLine
2018-07-27 02:30:59...processing table oauth2tokens
2018-07-27 02:30:59...creating table oauth2tokens
2018-07-27 02:30:59...creating Relationship Meta for OAuth2Tokens
2018-07-27 02:30:59...processing table oauth2clients
2018-07-27 02:30:59...creating table oauth2clients
2018-07-27 02:30:59...creating Relationship Meta for OAuth2Clients
2018-07-27 02:30:59...processing table surveyresponses
2018-07-27 02:30:59...creating table surveyresponses
2018-07-27 02:30:59...creating Relationship Meta for SurveyResponses
2018-07-27 02:30:59...processing table surveys
2018-07-27 02:30:59...creating table surveys
2018-07-27 02:30:59...creating Relationship Meta for Surveys
2018-07-27 02:30:59...processing table surveyquestionresponses
2018-07-27 02:31:00...creating table surveyquestionresponses
2018-07-27 02:31:00...creating Relationship Meta for SurveyQuestionResponses
2018-07-27 02:31:00...processing table surveyquestions
2018-07-27 02:31:00...creating table surveyquestions
2018-07-27 02:31:00...creating Relationship Meta for SurveyQuestions
2018-07-27 02:31:00...processing table surveyquestionoptions
2018-07-27 02:31:00...creating table surveyquestionoptions
2018-07-27 02:31:00...creating Relationship Meta for SurveyQuestionOptions
2018-07-27 02:31:01...Begin creating Defaults
2018-07-27 02:31:01...insert defaults into config table
2018-07-27 02:31:01...Creating default users
2018-07-27 02:31:01...Creating default scheduler jobs
2018-07-27 02:31:01...Enable SugarFeeds
2018-07-27 02:31:01...Installation has completed *********
2018-07-27 02:31:04...populating the db with seed data
2018-07-27 02:31:04...Save configuration settings..
2018-07-27 02:31:04...save locale
2018-07-27 02:31:04...new Administration
2018-07-27 02:31:04...retrieveSettings
2018-07-27 02:31:04...AdminWizard OFF
2018-07-27 02:31:04...saveConfig
2018-07-27 02:31:04...new Configurator
2018-07-27 02:31:04...populateFromPost
2018-07-27 02:31:04...handleOverride
2018-07-27 02:31:04...addCronAllowedUser
2018-07-27 02:31:04...saveConfig
2018-07-27 02:31:04...new Currency
2018-07-27 02:31:04...retrieve
2018-07-27 02:31:04...DBG: save currency
2018-07-27 02:31:04...Save user settings..
2018-07-27 02:31:04...DBG: SugarThemeRegistry::getDefault
2018-07-27 02:31:04...DBG: require modules/Users/Save.php
2018-07-27 02:31:26...installerHook: Info: custom/install/install_hooks.php not present, no custom hooks to execute